<?xml version="1.0" encoding="UTF-8"?>
<!-- Generated by org.testng.reporters.JUnitReportReporter -->
<testsuite hostname="DESKTOP-F52EDBA" failures="0" tests="1" name="reqres.WaysToPostRequest.CreateUserTestUsingHashMap" time="3.341" errors="0" timestamp="2023-03-27T09:27:05 IST" skipped="0">
  <testcase classname="reqres.WaysToPostRequest.CreateUserTestUsingHashMap" name="createUserTest" time="3.341"/>
  <system-out/>
</testsuite> <!-- reqres.WaysToPostRequest.CreateUserTestUsingHashMap -->
