<?xml version="1.0" encoding="UTF-8"?>
<!-- Generated by org.testng.reporters.JUnitReportReporter -->
<testsuite hostname="DESKTOP-F52EDBA" failures="0" tests="1" name="reqres.CRUDOperations.GetSingleUserTest" time="3.381" errors="0" timestamp="2023-03-28T09:33:57 IST" skipped="0">
  <testcase classname="reqres.CRUDOperations.GetSingleUserTest" name="getSingleUserTest" time="3.381"/>
  <system-out/>
</testsuite> <!-- reqres.CRUDOperations.GetSingleUserTest -->
