<?xml version="1.0" encoding="UTF-8"?>
<!-- Generated by org.testng.reporters.JUnitReportReporter -->
<testsuite hostname="DESKTOP-F52EDBA" failures="0" tests="1" name="reqres.responseValidation.ResponseBodyValidation" time="3.812" errors="0" timestamp="2023-03-28T09:20:56 IST" skipped="0">
  <testcase classname="reqres.responseValidation.ResponseBodyValidation" name="getAllUsers" time="3.812"/>
  <system-out/>
</testsuite> <!-- reqres.responseValidation.ResponseBodyValidation -->
