<?xml version="1.0" encoding="UTF-8"?>
<!-- Generated by org.testng.reporters.JUnitReportReporter -->
<testsuite hostname="DESKTOP-F52EDBA" failures="0" tests="1" name="reqres.CRUDOperationsBDD.RequestChainingGETAndDELETE" time="4.138" errors="0" timestamp="2023-03-28T09:58:13 IST" skipped="0">
  <testcase classname="reqres.CRUDOperationsBDD.RequestChainingGETAndDELETE" name="getAndDeleteUser" time="4.138"/>
  <system-out/>
</testsuite> <!-- reqres.CRUDOperationsBDD.RequestChainingGETAndDELETE -->
