<?xml version="1.0" encoding="UTF-8"?>
<!-- Generated by org.testng.reporters.JUnitReportReporter -->
<testsuite hostname="DESKTOP-F52EDBA" failures="0" tests="1" name="reqres.WaysToPostRequest.CreateUserTestUsingJSONObject" time="3.221" errors="0" timestamp="2023-03-27T09:21:36 IST" skipped="0">
  <testcase classname="reqres.WaysToPostRequest.CreateUserTestUsingJSONObject" name="createUserTest" time="3.221"/>
  <system-out/>
</testsuite> <!-- reqres.WaysToPostRequest.CreateUserTestUsingJSONObject -->
