<?xml version="1.0" encoding="UTF-8"?>
<!-- Generated by org.testng.reporters.JUnitReportReporter -->
<testsuite hostname="DESKTOP-F52EDBA" failures="0" tests="1" name="reqres.CRUDOperations.DeleteUserTest" time="2.908" errors="0" timestamp="2023-03-25T10:07:46 IST" skipped="0">
  <testcase classname="reqres.CRUDOperations.DeleteUserTest" name="deleteUserTest" time="2.908"/>
  <system-out/>
</testsuite> <!-- reqres.CRUDOperations.DeleteUserTest -->
