<?xml version="1.0" encoding="UTF-8"?>
<!-- Generated by org.testng.reporters.JUnitReportReporter -->
<testsuite hostname="DESKTOP-F52EDBA" failures="0" tests="1" name="reqres.CRUDOperations.UpdateUserTest" time="3.667" errors="0" timestamp="2023-03-25T09:53:55 IST" skipped="0">
  <testcase classname="reqres.CRUDOperations.UpdateUserTest" name="updateUserTest" time="3.667"/>
  <system-out/>
</testsuite> <!-- reqres.CRUDOperations.UpdateUserTest -->
