<?xml version="1.0" encoding="UTF-8"?>
<!-- Generated by org.testng.reporters.JUnitReportReporter -->
<testsuite hostname="DESKTOP-F52EDBA" failures="0" tests="1" name="reqres.SerializationDeserialization.SerializationTest" time="0.264" errors="0" timestamp="2023-03-28T10:23:31 IST" skipped="0">
  <testcase classname="reqres.SerializationDeserialization.SerializationTest" name="serialization" time="0.264"/>
  <system-out/>
</testsuite> <!-- reqres.SerializationDeserialization.SerializationTest -->
