<?xml version="1.0" encoding="UTF-8"?>
<!-- Generated by org.testng.reporters.JUnitReportReporter -->
<testsuite hostname="DESKTOP-F52EDBA" failures="0" tests="1" name="reqres.WaysToPostRequest.CreateUserUsingPOJOTest" time="3.049" errors="0" timestamp="2023-03-27T10:18:19 IST" skipped="0">
  <testcase classname="reqres.WaysToPostRequest.CreateUserUsingPOJOTest" name="createUserTest" time="3.049"/>
  <system-out/>
</testsuite> <!-- reqres.WaysToPostRequest.CreateUserUsingPOJOTest -->
