<?xml version="1.0" encoding="UTF-8"?>
<!-- Generated by org.testng.reporters.JUnitReportReporter -->
<testsuite hostname="DESKTOP-F52EDBA" failures="0" tests="1" name="reqres.CRUDOperationsBDD.CreateUserTest" time="3.268" errors="0" timestamp="2023-03-25T10:14:08 IST" skipped="0">
  <testcase classname="reqres.CRUDOperationsBDD.CreateUserTest" name="createUserTest" time="3.268"/>
  <system-out/>
</testsuite> <!-- reqres.CRUDOperationsBDD.CreateUserTest -->
