<?xml version="1.0" encoding="UTF-8"?>
<!-- Generated by org.testng.reporters.JUnitReportReporter -->
<testsuite hostname="DESKTOP-F52EDBA" failures="0" tests="1" name="reqres.CRUDOperations.GetAllUsersTest" time="2.387" errors="0" timestamp="2023-03-25T09:38:51 IST" skipped="0">
  <testcase classname="reqres.CRUDOperations.GetAllUsersTest" name="getAllUsersTest" time="2.387"/>
  <system-out/>
</testsuite> <!-- reqres.CRUDOperations.GetAllUsersTest -->
