<?xml version="1.0" encoding="UTF-8"?>
<!-- Generated by org.testng.reporters.JUnitReportReporter -->
<testsuite hostname="DESKTOP-F52EDBA" failures="0" tests="1" name="reqres.CRUDOperations.CreateUserTest" time="3.396" errors="0" timestamp="2023-03-28T09:32:11 IST" skipped="0">
  <testcase classname="reqres.CRUDOperations.CreateUserTest" name="createUserTest" time="3.396"/>
  <system-out/>
</testsuite> <!-- reqres.CRUDOperations.CreateUserTest -->
