<?xml version="1.0" encoding="UTF-8"?>
<!-- Generated by org.testng.reporters.JUnitReportReporter -->
<testsuite hostname="DESKTOP-F52EDBA" failures="0" tests="1" name="reqres.SerializationDeserialization.DeserializationTest" time="0.265" errors="0" timestamp="2023-03-29T09:10:39 IST" skipped="0">
  <testcase classname="reqres.SerializationDeserialization.DeserializationTest" name="deserialization" time="0.265"/>
  <system-out/>
</testsuite> <!-- reqres.SerializationDeserialization.DeserializationTest -->
